<?xml version="1.0" encoding="UTF-8"?>
<testsuite xmlns:xsi="http://www.w3.org/2001/XMLSchema-instance" xsi:noNamespaceSchemaLocation="https://maven.apache.org/surefire/maven-surefire-plugin/xsd/surefire-test-report.xsd" name="ru.netology.stats.StatsServiceTest" time="0.006" tests="6" errors="0" skipped="0" failures="0">
  <properties>
[...]
</properties>
  <testcase name="quantityMonthsWithSalesUnderAverage" classname="ru.netology.stats.StatsServiceTest" time="0"/>
  <testcase name="numberMonthWithMaxSales" classname="ru.netology.stats.StatsServiceTest" time="0"/>
  <testcase name="calculateAverageSum" classname="ru.netology.stats.StatsServiceTest" time="0.001"/>
  <testcase name="quantityMonthsWithSalesOverAverage" classname="ru.netology.stats.StatsServiceTest" time="0"/>
  <testcase name="calculateSum" classname="ru.netology.stats.StatsServiceTest" time="0"/>
  <testcase name="numberMonthWithMinSales" classname="ru.netology.stats.StatsServiceTest" time="0"/>
</testsuite>